# JRE version: OpenJDK Runtime Environment (8.0_152-b01) (build 1.8.0_152-release-915-b01)
# Java VM: OpenJDK 64-Bit Server VM (25.152-b01 mixed mode windows-amd64 compressed oops)
Heap:
 PSYoungGen      total 450560K, used 314746K [0x00000000e0000000, 0x00000000ffe00000, 0x0000000100000000)
  eden space 382464K, 76% used [0x00000000e0000000,0x00000000f1f63ae8,0x00000000f7580000)
  from space 68096K, 30% used [0x00000000f7580000,0x00000000f897ade0,0x00000000fb800000)
  to   space 65024K, 0% used [0x00000000fbe80000,0x00000000fbe80000,0x00000000ffe00000)
 ParOldGen       total 281088K, used 141792K [0x00000000a0000000, 0x00000000b1280000, 0x00000000e0000000)
  object space 281088K, 50% used [0x00000000a0000000,0x00000000a8a78188,0x00000000b1280000)
 Metaspace       used 103333K, capacity 116662K, committed 116952K, reserved 1148928K
  class space    used 13135K, capacity 16545K, committed 16640K, reserved 1048576K
GC Heap History (10 events):
Event: 3384.015 GC heap before
{Heap before GC invocations=92 (full 5):
 PSYoungGen      total 448000K, used 393049K [0x00000000e0000000, 0x00000000ffb80000, 0x0000000100000000)
  eden space 381440K, 100% used [0x00000000e0000000,0x00000000f7480000,0x00000000f7480000)
  from space 66560K, 17% used [0x00000000fba80000,0x00000000fc5d66f8,0x00000000ffb80000)
  to   space 69120K, 0% used [0x00000000f7480000,0x00000000f7480000,0x00000000fb800000)
 ParOldGen       total 281088K, used 141760K [0x00000000a0000000, 0x00000000b1280000, 0x00000000e0000000)
  object space 281088K, 50% used [0x00000000a0000000,0x00000000a8a70188,0x00000000b1280000)
 Metaspace       used 102096K, capacity 114658K, committed 114776K, reserved 1148928K
  class space    used 12946K, capacity 16139K, committed 16256K, reserved 1048576K
Event: 3384.027 GC heap after
Heap after GC invocations=92 (full 5):
 PSYoungGen      total 450560K, used 15126K [0x00000000e0000000, 0x00000000ffc80000, 0x0000000100000000)
  eden space 381440K, 0% used [0x00000000e0000000,0x00000000e0000000,0x00000000f7480000)
  from space 69120K, 21% used [0x00000000f7480000,0x00000000f83459f0,0x00000000fb800000)
  to   space 66048K, 0% used [0x00000000fbc00000,0x00000000fbc00000,0x00000000ffc80000)
 ParOldGen       total 281088K, used 141768K [0x00000000a0000000, 0x00000000b1280000, 0x00000000e0000000)
  object space 281088K, 50% used [0x00000000a0000000,0x00000000a8a72188,0x00000000b1280000)
 Metaspace       used 102096K, capacity 114658K, committed 114776K, reserved 1148928K
  class space    used 12946K, capacity 16139K, committed 16256K, reserved 1048576K
}
Event: 3385.499 GC heap before
{Heap before GC invocations=93 (full 5):
 PSYoungGen      total 450560K, used 396566K [0x00000000e0000000, 0x00000000ffc80000, 0x0000000100000000)
  eden space 381440K, 100% used [0x00000000e0000000,0x00000000f7480000,0x00000000f7480000)
  from space 69120K, 21% used [0x00000000f7480000,0x00000000f83459f0,0x00000000fb800000)
  to   space 66048K, 0% used [0x00000000fbc00000,0x00000000fbc00000,0x00000000ffc80000)
 ParOldGen       total 281088K, used 141768K [0x00000000a0000000, 0x00000000b1280000, 0x00000000e0000000)
  object space 281088K, 50% used [0x00000000a0000000,0x00000000a8a72188,0x00000000b1280000)
 Metaspace       used 102114K, capacity 114664K, committed 115032K, reserved 1148928K
  class space    used 12947K, capacity 16140K, committed 16256K, reserved 1048576K
Event: 3385.525 GC heap after
Heap after GC invocations=93 (full 5):
 PSYoungGen      total 444928K, used 53515K [0x00000000e0000000, 0x0000000100000000, 0x0000000100000000)
  eden space 378880K, 0% used [0x00000000e0000000,0x00000000e0000000,0x00000000f7200000)
  from space 66048K, 81% used [0x00000000fbc00000,0x00000000ff042e00,0x00000000ffc80000)
  to   space 72704K, 0% used [0x00000000f7200000,0x00000000f7200000,0x00000000fb900000)
 ParOldGen       total 281088K, used 141776K [0x00000000a0000000, 0x00000000b1280000, 0x00000000e0000000)
  object space 281088K, 50% used [0x00000000a0000000,0x00000000a8a74188,0x00000000b1280000)
 Metaspace       used 102114K, capacity 114664K, committed 115032K, reserved 1148928K
  class space    used 12947K, capacity 16140K, committed 16256K, reserved 1048576K
}
Event: 3389.199 GC heap before
{Heap before GC invocations=94 (full 5):
 PSYoungGen      total 444928K, used 431912K [0x00000000e0000000, 0x0000000100000000, 0x0000000100000000)
  eden space 378880K, 99% used [0x00000000e0000000,0x00000000f7187440,0x00000000f7200000)
  from space 66048K, 81% used [0x00000000fbc00000,0x00000000ff042e00,0x00000000ffc80000)
  to   space 72704K, 0% used [0x00000000f7200000,0x00000000f7200000,0x00000000fb900000)
 ParOldGen       total 281088K, used 141776K [0x00000000a0000000, 0x00000000b1280000, 0x00000000e0000000)
  object space 281088K, 50% used [0x00000000a0000000,0x00000000a8a74188,0x00000000b1280000)
 Metaspace       used 102136K, capacity 114792K, committed 115032K, reserved 1148928K
  class space    used 12947K, capacity 16140K, committed 16256K, reserved 1048576K
Event: 3389.213 GC heap after
Heap after GC invocations=94 (full 5):
 PSYoungGen      total 451584K, used 21110K [0x00000000e0000000, 0x00000000fff80000, 0x0000000100000000)
  eden space 378880K, 0% used [0x00000000e0000000,0x00000000e0000000,0x00000000f7200000)
  from space 72704K, 29% used [0x00000000f7200000,0x00000000f869d868,0x00000000fb900000)
  to   space 69120K, 0% used [0x00000000fbc00000,0x00000000fbc00000,0x00000000fff80000)
 ParOldGen       total 281088K, used 141776K [0x00000000a0000000, 0x00000000b1280000, 0x00000000e0000000)
  object space 281088K, 50% used [0x00000000a0000000,0x00000000a8a74188,0x00000000b1280000)
 Metaspace       used 102136K, capacity 114792K, committed 115032K, reserved 1148928K
  class space    used 12947K, capacity 16140K, committed 16256K, reserved 1048576K
}
Event: 4251.253 GC heap before
{Heap before GC invocations=95 (full 5):
 PSYoungGen      total 451584K, used 399990K [0x00000000e0000000, 0x00000000fff80000, 0x0000000100000000)
  eden space 378880K, 100% used [0x00000000e0000000,0x00000000f7200000,0x00000000f7200000)
  from space 72704K, 29% used [0x00000000f7200000,0x00000000f869d868,0x00000000fb900000)
  to   space 69120K, 0% used [0x00000000fbc00000,0x00000000fbc00000,0x00000000fff80000)
 ParOldGen       total 281088K, used 141776K [0x00000000a0000000, 0x00000000b1280000, 0x00000000e0000000)
  object space 281088K, 50% used [0x00000000a0000000,0x00000000a8a74188,0x00000000b1280000)
 Metaspace       used 102844K, capacity 115640K, committed 115928K, reserved 1148928K
  class space    used 13055K, capacity 16300K, committed 16384K, reserved 1048576K
Event: 4251.271 GC heap after
Heap after GC invocations=95 (full 5):
 PSYoungGen      total 446464K, used 34249K [0x00000000e0000000, 0x00000000ffa80000, 0x0000000100000000)
  eden space 382464K, 0% used [0x00000000e0000000,0x00000000e0000000,0x00000000f7580000)
  from space 64000K, 53% used [0x00000000fbc00000,0x00000000fdd72500,0x00000000ffa80000)
  to   space 68096K, 0% used [0x00000000f7580000,0x00000000f7580000,0x00000000fb800000)
 ParOldGen       total 281088K, used 141784K [0x00000000a0000000, 0x00000000b1280000, 0x00000000e0000000)
  object space 281088K, 50% used [0x00000000a0000000,0x00000000a8a76188,0x00000000b1280000)
 Metaspace       used 102844K, capacity 115640K, committed 115928K, reserved 1148928K
  class space    used 13055K, capacity 16300K, committed 16384K, reserved 1048576K
}
Event: 4428.038 GC heap before
{Heap before GC invocations=96 (full 5):
 PSYoungGen      total 446464K, used 416713K [0x00000000e0000000, 0x00000000ffa80000, 0x0000000100000000)
  eden space 382464K, 100% used [0x00000000e0000000,0x00000000f7580000,0x00000000f7580000)
  from space 64000K, 53% used [0x00000000fbc00000,0x00000000fdd72500,0x00000000ffa80000)
  to   space 68096K, 0% used [0x00000000f7580000,0x00000000f7580000,0x00000000fb800000)
 ParOldGen       total 281088K, used 141784K [0x00000000a0000000, 0x00000000b1280000, 0x00000000e0000000)
  object space 281088K, 50% used [0x00000000a0000000,0x00000000a8a76188,0x00000000b1280000)
 Metaspace       used 103027K, capacity 116008K, committed 116312K, reserved 1148928K
  class space    used 13084K, capacity 16418K, committed 16512K, reserved 1048576K
Event: 4428.049 GC heap after
Heap after GC invocations=96 (full 5):
 PSYoungGen      total 450560K, used 20459K [0x00000000e0000000, 0x00000000ffe00000, 0x0000000100000000)
  eden space 382464K, 0% used [0x00000000e0000000,0x00000000e0000000,0x00000000f7580000)
  from space 68096K, 30% used [0x00000000f7580000,0x00000000f897ade0,0x00000000fb800000)
  to   space 65024K, 0% used [0x00000000fbe80000,0x00000000fbe80000,0x00000000ffe00000)
 ParOldGen       total 281088K, used 141792K [0x00000000a0000000, 0x00000000b1280000, 0x00000000e0000000)
  object space 281088K, 50% used [0x00000000a0000000,0x00000000a8a78188,0x00000000b1280000)
 Metaspace       used 103027K, capacity 116008K, committed 116312K, reserved 1148928K
  class space    used 13084K, capacity 16418K, committed 16512K, reserved 1048576K
}

